2015-06-03 12:53:41,302 [Worker-12] INFO  o.e.m.c.i.l.LifecycleMappingFactory - Using org.eclipse.m2e.jdt.JarLifecycleMapping lifecycle mapping for MavenProject: com.ram:myproject:0.0.1-SNAPSHOT @ /home/ram/maven/myproject/pom.xml.
2015-06-03 12:53:41,967 [Worker-12] INFO  o.e.m.j.i.AbstractJavaProjectConfigurator - Adding source folder /myproject/src/main/java
2015-06-03 12:53:41,969 [Worker-12] INFO  o.e.m.j.i.AbstractJavaProjectConfigurator - Adding resource folder /myproject/src/main/resources
2015-06-03 12:53:41,973 [Worker-12] INFO  o.e.m.j.i.AbstractJavaProjectConfigurator - Adding source folder /myproject/src/test/java
2015-06-03 12:53:41,973 [Worker-12] INFO  o.e.m.j.i.AbstractJavaProjectConfigurator - Adding resource folder /myproject/src/test/resources
2015-06-03 12:53:42,750 [Worker-9] INFO  o.e.m.c.i.l.LifecycleMappingFactory - Using org.eclipse.m2e.jdt.JarLifecycleMapping lifecycle mapping for MavenProject: com.ram:myproject:0.0.1-SNAPSHOT @ /home/ram/maven/myproject/pom.xml.
2015-06-03 12:53:43,431 [Worker-9] WARN  o.e.m.c.i.embedder.EclipseLogger - Using platform encoding (UTF-8 actually) to copy filtered resources, i.e. build is platform dependent!
2015-06-03 12:53:43,435 [Worker-9] INFO  o.e.m.c.i.embedder.EclipseLogger - Copying 0 resource
2015-06-03 12:53:43,438 [Worker-9] WARN  o.e.m.c.i.embedder.EclipseLogger - Using platform encoding (UTF-8 actually) to copy filtered resources, i.e. build is platform dependent!
2015-06-03 12:53:43,439 [Worker-9] INFO  o.e.m.c.i.embedder.EclipseLogger - Copying 0 resource
2015-06-03 12:58:36,982 [Worker-17] WARN  o.e.m.c.i.embedder.EclipseLogger - Using platform encoding (UTF-8 actually) to copy filtered resources, i.e. build is platform dependent!
2015-06-03 12:58:36,985 [Worker-17] INFO  o.e.m.c.i.embedder.EclipseLogger - Copying 0 resource
2015-06-03 12:58:36,988 [Worker-17] WARN  o.e.m.c.i.embedder.EclipseLogger - Using platform encoding (UTF-8 actually) to copy filtered resources, i.e. build is platform dependent!
2015-06-03 12:58:36,988 [Worker-17] INFO  o.e.m.c.i.embedder.EclipseLogger - Copying 0 resource
2015-06-03 12:59:15,908 [Worker-16] WARN  o.e.m.c.i.embedder.EclipseLogger - Using platform encoding (UTF-8 actually) to copy filtered resources, i.e. build is platform dependent!
2015-06-03 12:59:15,909 [Worker-16] INFO  o.e.m.c.i.embedder.EclipseLogger - Copying 0 resource
2015-06-03 12:59:15,911 [Worker-16] WARN  o.e.m.c.i.embedder.EclipseLogger - Using platform encoding (UTF-8 actually) to copy filtered resources, i.e. build is platform dependent!
2015-06-03 12:59:15,912 [Worker-16] INFO  o.e.m.c.i.embedder.EclipseLogger - Copying 0 resource
2015-06-03 12:59:18,947 [Worker-19] WARN  o.e.m.c.i.embedder.EclipseLogger - Using platform encoding (UTF-8 actually) to copy filtered resources, i.e. build is platform dependent!
2015-06-03 12:59:18,948 [Worker-19] INFO  o.e.m.c.i.embedder.EclipseLogger - Copying 0 resource
2015-06-03 12:59:18,951 [Worker-19] WARN  o.e.m.c.i.embedder.EclipseLogger - Using platform encoding (UTF-8 actually) to copy filtered resources, i.e. build is platform dependent!
2015-06-03 12:59:18,951 [Worker-19] INFO  o.e.m.c.i.embedder.EclipseLogger - Copying 0 resource
2015-06-03 12:59:30,132 [Worker-17] WARN  o.e.m.c.i.embedder.EclipseLogger - Using platform encoding (UTF-8 actually) to copy filtered resources, i.e. build is platform dependent!
2015-06-03 12:59:30,133 [Worker-17] INFO  o.e.m.c.i.embedder.EclipseLogger - Copying 0 resource
2015-06-03 12:59:30,136 [Worker-17] WARN  o.e.m.c.i.embedder.EclipseLogger - Using platform encoding (UTF-8 actually) to copy filtered resources, i.e. build is platform dependent!
2015-06-03 12:59:30,136 [Worker-17] INFO  o.e.m.c.i.embedder.EclipseLogger - Copying 0 resource
2015-06-03 12:59:35,568 [Worker-16] WARN  o.e.m.c.i.embedder.EclipseLogger - Using platform encoding (UTF-8 actually) to copy filtered resources, i.e. build is platform dependent!
2015-06-03 12:59:35,570 [Worker-16] INFO  o.e.m.c.i.embedder.EclipseLogger - Copying 0 resource
2015-06-03 12:59:35,573 [Worker-16] WARN  o.e.m.c.i.embedder.EclipseLogger - Using platform encoding (UTF-8 actually) to copy filtered resources, i.e. build is platform dependent!
2015-06-03 12:59:35,574 [Worker-16] INFO  o.e.m.c.i.embedder.EclipseLogger - Copying 0 resource
2015-06-03 12:59:47,397 [Worker-16] INFO  o.e.m.i.launch.MavenLaunchDelegate - /home/ram/maven/myproject
2015-06-03 12:59:47,398 [Worker-16] INFO  o.e.m.i.launch.MavenLaunchDelegate -  mvn  -B install
2015-06-03 12:59:51,318 [Worker-21] WARN  o.e.m.c.i.embedder.EclipseLogger - Using platform encoding (UTF-8 actually) to copy filtered resources, i.e. build is platform dependent!
2015-06-03 12:59:51,319 [Worker-21] INFO  o.e.m.c.i.embedder.EclipseLogger - Copying 0 resource
2015-06-03 12:59:51,321 [Worker-21] WARN  o.e.m.c.i.embedder.EclipseLogger - Using platform encoding (UTF-8 actually) to copy filtered resources, i.e. build is platform dependent!
2015-06-03 12:59:51,321 [Worker-21] INFO  o.e.m.c.i.embedder.EclipseLogger - Copying 0 resource
2015-06-03 15:15:19,270 [Worker-60] INFO  o.e.m.i.launch.MavenLaunchDelegate - /home/ram/maven/myproject
2015-06-03 15:15:19,320 [Worker-60] INFO  o.e.m.i.launch.MavenLaunchDelegate -  mvn  -B install
2015-06-03 16:16:38,677 [Worker-93] WARN  o.e.m.c.i.embedder.EclipseLogger - Using platform encoding (UTF-8 actually) to copy filtered resources, i.e. build is platform dependent!
2015-06-03 16:16:38,689 [Worker-93] INFO  o.e.m.c.i.embedder.EclipseLogger - Copying 0 resource
2015-06-03 16:16:38,692 [Worker-93] WARN  o.e.m.c.i.embedder.EclipseLogger - Using platform encoding (UTF-8 actually) to copy filtered resources, i.e. build is platform dependent!
2015-06-03 16:16:38,692 [Worker-93] INFO  o.e.m.c.i.embedder.EclipseLogger - Copying 0 resource
2015-06-03 16:20:05,982 [Worker-99] WARN  o.e.m.c.i.embedder.EclipseLogger - Using platform encoding (UTF-8 actually) to copy filtered resources, i.e. build is platform dependent!
2015-06-03 16:20:05,983 [Worker-99] INFO  o.e.m.c.i.embedder.EclipseLogger - Copying 0 resource
2015-06-03 16:20:05,987 [Worker-99] WARN  o.e.m.c.i.embedder.EclipseLogger - Using platform encoding (UTF-8 actually) to copy filtered resources, i.e. build is platform dependent!
2015-06-03 16:20:05,988 [Worker-99] INFO  o.e.m.c.i.embedder.EclipseLogger - Copying 0 resource
2015-06-03 16:20:43,572 [Worker-93] INFO  o.e.m.i.launch.MavenLaunchDelegate - /home/ram/maven/myproject
2015-06-03 16:20:43,572 [Worker-93] INFO  o.e.m.i.launch.MavenLaunchDelegate -  mvn  -B clean
2015-06-03 16:20:46,162 [Worker-99] WARN  o.e.m.c.i.embedder.EclipseLogger - Using platform encoding (UTF-8 actually) to copy filtered resources, i.e. build is platform dependent!
2015-06-03 16:20:46,163 [Worker-99] INFO  o.e.m.c.i.embedder.EclipseLogger - Copying 0 resource
2015-06-03 16:20:46,166 [Worker-99] WARN  o.e.m.c.i.embedder.EclipseLogger - Using platform encoding (UTF-8 actually) to copy filtered resources, i.e. build is platform dependent!
2015-06-03 16:20:46,167 [Worker-99] INFO  o.e.m.c.i.embedder.EclipseLogger - Copying 0 resource
2015-06-03 16:21:00,814 [Worker-98] INFO  o.e.m.i.launch.MavenLaunchDelegate - /home/ram/maven/myproject
2015-06-03 16:21:00,814 [Worker-98] INFO  o.e.m.i.launch.MavenLaunchDelegate -  mvn  -B install
2015-06-03 16:21:04,646 [Worker-98] WARN  o.e.m.c.i.embedder.EclipseLogger - Using platform encoding (UTF-8 actually) to copy filtered resources, i.e. build is platform dependent!
2015-06-03 16:21:04,647 [Worker-98] INFO  o.e.m.c.i.embedder.EclipseLogger - Copying 0 resource
2015-06-03 16:21:04,650 [Worker-98] WARN  o.e.m.c.i.embedder.EclipseLogger - Using platform encoding (UTF-8 actually) to copy filtered resources, i.e. build is platform dependent!
2015-06-03 16:21:04,651 [Worker-98] INFO  o.e.m.c.i.embedder.EclipseLogger - Copying 0 resource
2015-06-03 16:23:26,590 [Worker-95] INFO  o.e.m.i.launch.MavenLaunchDelegate - /home/ram/maven/myproject
2015-06-03 16:23:26,591 [Worker-95] INFO  o.e.m.i.launch.MavenLaunchDelegate -  mvn  -B clean
2015-06-03 16:23:28,999 [Worker-98] WARN  o.e.m.c.i.embedder.EclipseLogger - Using platform encoding (UTF-8 actually) to copy filtered resources, i.e. build is platform dependent!
2015-06-03 16:23:28,999 [Worker-98] INFO  o.e.m.c.i.embedder.EclipseLogger - Copying 0 resource
2015-06-03 16:23:29,001 [Worker-98] WARN  o.e.m.c.i.embedder.EclipseLogger - Using platform encoding (UTF-8 actually) to copy filtered resources, i.e. build is platform dependent!
2015-06-03 16:23:29,001 [Worker-98] INFO  o.e.m.c.i.embedder.EclipseLogger - Copying 0 resource
2015-06-03 16:23:41,631 [main] INFO  o.e.m2e.actions.ExecutePomAction - Creating new launch configuration
2015-06-03 16:24:04,592 [Worker-99] INFO  o.e.m.i.launch.MavenLaunchDelegate - /home/ram/maven/myproject
2015-06-03 16:24:04,593 [Worker-99] INFO  o.e.m.i.launch.MavenLaunchDelegate -  mvn  -B 
2015-06-03 16:24:23,416 [Worker-100] INFO  o.e.m.i.launch.MavenLaunchDelegate - /home/ram/maven/myproject
2015-06-03 16:24:23,416 [Worker-100] INFO  o.e.m.i.launch.MavenLaunchDelegate -  mvn  -B clean
2015-06-03 16:24:25,931 [Worker-95] WARN  o.e.m.c.i.embedder.EclipseLogger - Using platform encoding (UTF-8 actually) to copy filtered resources, i.e. build is platform dependent!
2015-06-03 16:24:25,932 [Worker-95] INFO  o.e.m.c.i.embedder.EclipseLogger - Copying 0 resource
2015-06-03 16:24:25,936 [Worker-95] WARN  o.e.m.c.i.embedder.EclipseLogger - Using platform encoding (UTF-8 actually) to copy filtered resources, i.e. build is platform dependent!
2015-06-03 16:24:25,936 [Worker-95] INFO  o.e.m.c.i.embedder.EclipseLogger - Copying 0 resource
2015-06-03 16:28:09,898 [main] INFO  o.e.m2e.actions.ExecutePomAction - Using existing launch configuration
2015-06-03 16:28:26,471 [Worker-102] INFO  o.e.m.i.launch.MavenLaunchDelegate - /home/ram/maven/myproject
2015-06-03 16:28:26,471 [Worker-102] INFO  o.e.m.i.launch.MavenLaunchDelegate -  mvn  -B clean
2015-06-03 16:28:29,095 [Worker-100] WARN  o.e.m.c.i.embedder.EclipseLogger - Using platform encoding (UTF-8 actually) to copy filtered resources, i.e. build is platform dependent!
2015-06-03 16:28:29,097 [Worker-100] INFO  o.e.m.c.i.embedder.EclipseLogger - Copying 0 resource
2015-06-03 16:28:29,100 [Worker-100] WARN  o.e.m.c.i.embedder.EclipseLogger - Using platform encoding (UTF-8 actually) to copy filtered resources, i.e. build is platform dependent!
2015-06-03 16:28:29,101 [Worker-100] INFO  o.e.m.c.i.embedder.EclipseLogger - Copying 0 resource
2015-06-03 16:32:34,646 [Worker-102] WARN  o.e.m.c.i.embedder.EclipseLogger - Using platform encoding (UTF-8 actually) to copy filtered resources, i.e. build is platform dependent!
2015-06-03 16:32:34,646 [Worker-102] INFO  o.e.m.c.i.embedder.EclipseLogger - Copying 0 resource
2015-06-03 16:32:34,650 [Worker-102] WARN  o.e.m.c.i.embedder.EclipseLogger - Using platform encoding (UTF-8 actually) to copy filtered resources, i.e. build is platform dependent!
2015-06-03 16:32:34,650 [Worker-102] INFO  o.e.m.c.i.embedder.EclipseLogger - Copying 0 resource
2015-06-03 16:32:47,400 [Worker-105] INFO  o.e.m.i.launch.MavenLaunchDelegate - /home/ram/maven/myproject
2015-06-03 16:32:47,400 [Worker-105] INFO  o.e.m.i.launch.MavenLaunchDelegate -  mvn  -B clean
2015-06-03 16:32:49,855 [Worker-106] WARN  o.e.m.c.i.embedder.EclipseLogger - Using platform encoding (UTF-8 actually) to copy filtered resources, i.e. build is platform dependent!
2015-06-03 16:32:49,856 [Worker-106] INFO  o.e.m.c.i.embedder.EclipseLogger - Copying 0 resource
2015-06-03 16:32:49,859 [Worker-106] WARN  o.e.m.c.i.embedder.EclipseLogger - Using platform encoding (UTF-8 actually) to copy filtered resources, i.e. build is platform dependent!
2015-06-03 16:32:49,860 [Worker-106] INFO  o.e.m.c.i.embedder.EclipseLogger - Copying 0 resource
2015-06-03 16:35:10,810 [Worker-106] INFO  o.e.m.i.launch.MavenLaunchDelegate - /home/ram/maven/myproject
2015-06-03 16:35:10,810 [Worker-106] INFO  o.e.m.i.launch.MavenLaunchDelegate -  mvn  -B clean
2015-06-03 16:35:13,983 [Worker-110] WARN  o.e.m.c.i.embedder.EclipseLogger - Using platform encoding (UTF-8 actually) to copy filtered resources, i.e. build is platform dependent!
2015-06-03 16:35:13,985 [Worker-110] INFO  o.e.m.c.i.embedder.EclipseLogger - Copying 0 resource
2015-06-03 16:35:13,988 [Worker-110] WARN  o.e.m.c.i.embedder.EclipseLogger - Using platform encoding (UTF-8 actually) to copy filtered resources, i.e. build is platform dependent!
2015-06-03 16:35:13,990 [Worker-110] INFO  o.e.m.c.i.embedder.EclipseLogger - Copying 0 resource
2015-06-03 17:11:18,636 [Worker-120] WARN  o.e.m.c.i.embedder.EclipseLogger - Using platform encoding (UTF-8 actually) to copy filtered resources, i.e. build is platform dependent!
2015-06-03 17:11:18,637 [Worker-120] INFO  o.e.m.c.i.embedder.EclipseLogger - Copying 0 resource
2015-06-03 17:11:18,639 [Worker-120] WARN  o.e.m.c.i.embedder.EclipseLogger - Using platform encoding (UTF-8 actually) to copy filtered resources, i.e. build is platform dependent!
2015-06-03 17:11:18,647 [Worker-120] INFO  o.e.m.c.i.embedder.EclipseLogger - Copying 0 resource
2015-06-03 23:06:41,532 [Worker-187] INFO  o.e.m.i.launch.MavenLaunchDelegate - /home/ram/maven/myproject
2015-06-03 23:06:41,549 [Worker-187] INFO  o.e.m.i.launch.MavenLaunchDelegate -  mvn  -B clean
2015-06-03 23:06:46,201 [Worker-186] WARN  o.e.m.c.i.embedder.EclipseLogger - Using platform encoding (UTF-8 actually) to copy filtered resources, i.e. build is platform dependent!
2015-06-03 23:06:46,225 [Worker-186] INFO  o.e.m.c.i.embedder.EclipseLogger - Copying 0 resource
2015-06-03 23:06:46,229 [Worker-186] WARN  o.e.m.c.i.embedder.EclipseLogger - Using platform encoding (UTF-8 actually) to copy filtered resources, i.e. build is platform dependent!
2015-06-03 23:06:46,230 [Worker-186] INFO  o.e.m.c.i.embedder.EclipseLogger - Copying 0 resource
2015-06-03 23:07:04,163 [Worker-188] INFO  o.e.m.i.launch.MavenLaunchDelegate - /home/ram/maven/myproject
2015-06-03 23:07:04,163 [Worker-188] INFO  o.e.m.i.launch.MavenLaunchDelegate -  mvn  -B generate-sources
2015-06-03 23:07:55,796 [Worker-188] INFO  o.e.m.i.launch.MavenLaunchDelegate - /home/ram/maven/myproject
2015-06-03 23:07:55,796 [Worker-188] INFO  o.e.m.i.launch.MavenLaunchDelegate -  mvn  -B generate-sources
2015-06-03 23:09:42,732 [Worker-187] INFO  o.e.m.i.launch.MavenLaunchDelegate - /home/ram/maven/myproject
2015-06-03 23:09:42,732 [Worker-187] INFO  o.e.m.i.launch.MavenLaunchDelegate -  mvn  -B install
2015-06-03 23:09:49,658 [Worker-186] WARN  o.e.m.c.i.embedder.EclipseLogger - Using platform encoding (UTF-8 actually) to copy filtered resources, i.e. build is platform dependent!
2015-06-03 23:09:49,659 [Worker-186] INFO  o.e.m.c.i.embedder.EclipseLogger - Copying 0 resource
2015-06-03 23:09:49,662 [Worker-186] WARN  o.e.m.c.i.embedder.EclipseLogger - Using platform encoding (UTF-8 actually) to copy filtered resources, i.e. build is platform dependent!
2015-06-03 23:09:49,662 [Worker-186] INFO  o.e.m.c.i.embedder.EclipseLogger - Copying 0 resource
2015-06-03 23:40:09,411 [Worker-193] INFO  o.e.m.c.i.l.LifecycleMappingFactory - Using org.eclipse.m2e.jdt.JarLifecycleMapping lifecycle mapping for MavenProject: com.ram:myproject:0.0.1-SNAPSHOT @ /home/ram/maven/myproject/pom.xml.
2015-06-03 23:40:09,901 [Worker-193] INFO  o.e.m.c.i.embedder.EclipseLogger - Using 'UTF-8' encoding to copy filtered resources.
2015-06-03 23:40:09,901 [Worker-193] INFO  o.e.m.c.i.embedder.EclipseLogger - Copying 0 resource
2015-06-03 23:40:09,904 [Worker-193] INFO  o.e.m.c.i.embedder.EclipseLogger - Using 'UTF-8' encoding to copy filtered resources.
2015-06-03 23:40:09,905 [Worker-193] INFO  o.e.m.c.i.embedder.EclipseLogger - Copying 0 resource
2015-06-03 23:40:33,086 [Worker-195] INFO  o.e.m.i.launch.MavenLaunchDelegate - /home/ram/maven/myproject
2015-06-03 23:40:33,086 [Worker-195] INFO  o.e.m.i.launch.MavenLaunchDelegate -  mvn  -B clean
2015-06-03 23:40:47,661 [main] INFO  o.e.m2e.actions.ExecutePomAction - Using existing launch configuration
2015-06-03 23:40:58,672 [main] INFO  o.e.m2e.actions.ExecutePomAction - Creating new launch configuration
2015-06-03 23:41:16,871 [Worker-193] INFO  o.e.m.i.launch.MavenLaunchDelegate - /home/ram/maven/myproject
2015-06-03 23:41:16,871 [Worker-193] INFO  o.e.m.i.launch.MavenLaunchDelegate -  mvn  -B install
2015-06-03 23:41:30,587 [Worker-193] INFO  o.e.m.c.i.embedder.EclipseLogger - Using 'UTF-8' encoding to copy filtered resources.
2015-06-03 23:41:30,588 [Worker-193] INFO  o.e.m.c.i.embedder.EclipseLogger - Copying 0 resource
2015-06-03 23:41:30,590 [Worker-193] INFO  o.e.m.c.i.embedder.EclipseLogger - Using 'UTF-8' encoding to copy filtered resources.
2015-06-03 23:41:30,590 [Worker-193] INFO  o.e.m.c.i.embedder.EclipseLogger - Copying 0 resource
2015-06-03 23:50:04,853 [Worker-199] INFO  o.e.m.c.i.l.LifecycleMappingFactory - Using org.eclipse.m2e.jdt.JarLifecycleMapping lifecycle mapping for MavenProject: com.ram:myproject:0.0.1-SNAPSHOT @ /home/ram/maven/myproject/pom.xml.
2015-06-03 23:50:05,054 [Worker-199] INFO  o.e.m.c.i.embedder.EclipseLogger - Using 'UTF-8' encoding to copy filtered resources.
2015-06-03 23:50:05,055 [Worker-199] INFO  o.e.m.c.i.embedder.EclipseLogger - Copying 0 resource
2015-06-03 23:50:05,058 [Worker-199] INFO  o.e.m.c.i.embedder.EclipseLogger - Using 'UTF-8' encoding to copy filtered resources.
2015-06-03 23:50:05,058 [Worker-199] INFO  o.e.m.c.i.embedder.EclipseLogger - Copying 0 resource
2015-06-03 23:50:39,232 [Worker-200] INFO  o.e.m.i.launch.MavenLaunchDelegate - /home/ram/maven/myproject
2015-06-03 23:50:39,233 [Worker-200] INFO  o.e.m.i.launch.MavenLaunchDelegate -  mvn  -B clean
2015-06-03 23:50:46,955 [Worker-189] INFO  o.e.m.i.launch.MavenLaunchDelegate - /home/ram/maven/myproject
2015-06-03 23:50:46,955 [Worker-189] INFO  o.e.m.i.launch.MavenLaunchDelegate -  mvn  -B install
2015-06-03 23:50:56,768 [Worker-194] INFO  o.e.m.c.i.embedder.EclipseLogger - Using 'UTF-8' encoding to copy filtered resources.
2015-06-03 23:50:56,768 [Worker-194] INFO  o.e.m.c.i.embedder.EclipseLogger - Copying 0 resource
2015-06-03 23:50:56,769 [Worker-194] INFO  o.e.m.c.i.embedder.EclipseLogger - Using 'UTF-8' encoding to copy filtered resources.
2015-06-03 23:50:56,770 [Worker-194] INFO  o.e.m.c.i.embedder.EclipseLogger - Copying 0 resource
2015-06-03 23:51:04,018 [Worker-189] INFO  o.e.m.c.i.embedder.EclipseLogger - Using 'UTF-8' encoding to copy filtered resources.
2015-06-03 23:51:04,019 [Worker-189] INFO  o.e.m.c.i.embedder.EclipseLogger - Copying 0 resource
2015-06-03 23:51:04,021 [Worker-189] INFO  o.e.m.c.i.embedder.EclipseLogger - Using 'UTF-8' encoding to copy filtered resources.
2015-06-03 23:51:04,021 [Worker-189] INFO  o.e.m.c.i.embedder.EclipseLogger - Copying 0 resource
2015-06-03 23:51:49,356 [Worker-199] INFO  o.e.m.c.i.l.LifecycleMappingFactory - Using org.eclipse.m2e.jdt.JarLifecycleMapping lifecycle mapping for MavenProject: com.ram:myproject:0.0.1-SNAPSHOT @ /home/ram/maven/myproject/pom.xml.
2015-06-03 23:51:49,597 [Worker-199] INFO  o.e.m.c.i.embedder.EclipseLogger - Using 'UTF-8' encoding to copy filtered resources.
2015-06-03 23:51:49,598 [Worker-199] INFO  o.e.m.c.i.embedder.EclipseLogger - Copying 0 resource
2015-06-03 23:51:49,600 [Worker-199] INFO  o.e.m.c.i.embedder.EclipseLogger - Using 'UTF-8' encoding to copy filtered resources.
2015-06-03 23:51:49,601 [Worker-199] INFO  o.e.m.c.i.embedder.EclipseLogger - Copying 0 resource
2015-06-03 23:51:56,049 [Worker-200] INFO  o.e.m.i.launch.MavenLaunchDelegate - /home/ram/maven/myproject
2015-06-03 23:51:56,049 [Worker-200] INFO  o.e.m.i.launch.MavenLaunchDelegate -  mvn  -B clean
2015-06-03 23:52:07,177 [Worker-201] INFO  o.e.m.i.launch.MavenLaunchDelegate - /home/ram/maven/myproject
2015-06-03 23:52:07,177 [Worker-201] INFO  o.e.m.i.launch.MavenLaunchDelegate -  mvn  -B install
2015-06-03 23:52:20,000 [Worker-202] INFO  o.e.m.c.i.embedder.EclipseLogger - Using 'UTF-8' encoding to copy filtered resources.
2015-06-03 23:52:20,001 [Worker-202] INFO  o.e.m.c.i.embedder.EclipseLogger - Copying 0 resource
2015-06-03 23:52:20,002 [Worker-202] INFO  o.e.m.c.i.embedder.EclipseLogger - Using 'UTF-8' encoding to copy filtered resources.
2015-06-03 23:52:20,003 [Worker-202] INFO  o.e.m.c.i.embedder.EclipseLogger - Copying 0 resource
